<?xml version="1.0" encoding="UTF-8"?>
<!-- Generated by org.testng.reporters.JUnitReportReporter -->
<testsuite hostname="LAPTOP-2MITM1TO" failures="0" tests="2" name="pac1.ContactTest" time="0.004" errors="0" timestamp="2024-11-12T16:08:13 IST" skipped="0">
  <testcase classname="pac1.ContactTest" name="createContactTest" time="0.003"/>
  <testcase classname="pac1.ContactTest" name="modifyContactTest" time="0.001"/>
</testsuite> <!-- pac1.ContactTest -->
